
**** Build of configuration Debug for project HEllo_World_GPIOLed ****

"D:\\Program Files\\ti\\ccsv8\\utils\\bin\\gmake" -k -j 8 all -O 
 
Building file: "../src/main.c"
Invoking: ARM Compiler
"D:/Program Files/ti/ccsv8/tools/compiler/ti-cgt-arm_18.1.2.LTS/bin/armcl" -mv7M4 --code_state=16 --float_support=FPv4SPD16 -me --include_path="D:/repos/TI/HEllo_World_GPIOLed" --include_path="D:/Program Files/Tiva" --include_path="D:/Program Files/ti/ccsv8/tools/compiler/ti-cgt-arm_18.1.2.LTS/include" --define=ccs="ccs" --define=PART_TM4C1231C3PM -g --gcc --diag_warning=225 --diag_wrap=off --display_error_number --abi=eabi --preproc_with_compile --preproc_dependency="src/main.d_raw" --obj_directory="src"  "../src/main.c"
 
>> Compilation failure
src/subdir_rules.mk:9: recipe for target 'src/main.obj' failed
"D:/Program Files/Tiva/driverlib/gpio.h", line 141: error #20: identifier "uint32_t" is undefined
"D:/Program Files/Tiva/driverlib/gpio.h", line 141: error #20: identifier "uint8_t" is undefined
"D:/Program Files/Tiva/driverlib/gpio.h", line 142: error #20: identifier "uint32_t" is undefined
"D:/Program Files/Tiva/driverlib/gpio.h", line 143: error #20: identifier "uint32_t" is undefined
"D:/Program Files/Tiva/driverlib/gpio.h", line 143: error #20: identifier "uint32_t" is undefined
"D:/Program Files/Tiva/driverlib/gpio.h", line 143: error #20: identifier "uint8_t" is undefined
"D:/Program Files/Tiva/driverlib/gpio.h", line 144: error #20: identifier "uint32_t" is undefined
"D:/Program Files/Tiva/driverlib/gpio.h", line 144: error #20: identifier "uint8_t" is undefined
"D:/Program Files/Tiva/driverlib/gpio.h", line 145: error #20: identifier "uint32_t" is undefined
"D:/Program Files/Tiva/driverlib/gpio.h", line 146: error #20: identifier "uint32_t" is undefined
"D:/Program Files/Tiva/driverlib/gpio.h", line 146: error #20: identifier "uint32_t" is undefined
"D:/Program Files/Tiva/driverlib/gpio.h", line 146: error #20: identifier "uint8_t" is undefined
"D:/Program Files/Tiva/driverlib/gpio.h", line 147: error #20: identifier "uint32_t" is undefined
"D:/Program Files/Tiva/driverlib/gpio.h", line 147: error #20: identifier "uint8_t" is undefined
"D:/Program Files/Tiva/driverlib/gpio.h", line 148: error #20: identifier "uint32_t" is undefined
"D:/Program Files/Tiva/driverlib/gpio.h", line 148: error #20: identifier "uint32_t" is undefined
"D:/Program Files/Tiva/driverlib/gpio.h", line 149: error #20: identifier "uint32_t" is undefined
"D:/Program Files/Tiva/driverlib/gpio.h", line 149: error #20: identifier "uint8_t" is undefined
"D:/Program Files/Tiva/driverlib/gpio.h", line 150: error #20: identifier "uint32_t" is undefined
"D:/Program Files/Tiva/driverlib/gpio.h", line 150: error #20: identifier "uint32_t" is undefined
"D:/Program Files/Tiva/driverlib/gpio.h", line 151: error #20: identifier "uint32_t" is undefined
"D:/Program Files/Tiva/driverlib/gpio.h", line 151: error #20: identifier "uint32_t" is undefined
"D:/Program Files/Tiva/driverlib/gpio.h", line 152: error #20: identifier "uint32_t" is undefined
"D:/Program Files/Tiva/driverlib/gpio.h", line 152: error #20: identifier "uint32_t" is undefined
"D:/Program Files/Tiva/driverlib/gpio.h", line 153: error #20: identifier "uint32_t" is undefined
"D:/Program Files/Tiva/driverlib/gpio.h", line 153: error #20: identifier "uint32_t" is undefined
"D:/Program Files/Tiva/driverlib/gpio.h", line 153: error #20: identifier "bool" is undefined
"D:/Program Files/Tiva/driverlib/gpio.h", line 154: error #20: identifier "uint32_t" is undefined
"D:/Program Files/Tiva/driverlib/gpio.h", line 154: error #20: identifier "uint32_t" is undefined
"D:/Program Files/Tiva/driverlib/gpio.h", line 155: error #20: identifier "uint32_t" is undefined
"D:/Program Files/Tiva/driverlib/gpio.h", line 156: error #20: identifier "uint32_t" is undefined
"D:/Program Files/Tiva/driverlib/gpio.h", line 157: error #20: identifier "uint32_t" is undefined
"D:/Program Files/Tiva/driverlib/gpio.h", line 157: error #20: identifier "uint32_t" is undefined
"D:/Program Files/Tiva/driverlib/gpio.h", line 159: error #20: identifier "uint32_t" is undefined
"D:/Program Files/Tiva/driverlib/gpio.h", line 159: error #20: identifier "uint32_t" is undefined
"D:/Program Files/Tiva/driverlib/gpio.h", line 160: error #20: identifier "int32_t" is undefined
"D:/Program Files/Tiva/driverlib/gpio.h", line 160: error #20: identifier "uint32_t" is undefined
"D:/Program Files/Tiva/driverlib/gpio.h", line 160: error #20: identifier "uint8_t" is undefined
"D:/Program Files/Tiva/driverlib/gpio.h", line 161: error #20: identifier "uint32_t" is undefined
"D:/Program Files/Tiva/driverlib/gpio.h", line 161: error #20: identifier "uint8_t" is undefined
"D:/Program Files/Tiva/driverlib/gpio.h", line 161: error #20: identifier "uint8_t" is undefined
"D:/Program Files/Tiva/driverlib/gpio.h", line 162: error #20: identifier "uint32_t" is undefined
"D:/Program Files/Tiva/driverlib/gpio.h", line 163: error #20: identifier "uint32_t" is undefined
"D:/Program Files/Tiva/driverlib/gpio.h", line 163: error #20: identifier "uint8_t" is undefined
"D:/Program Files/Tiva/driverlib/gpio.h", line 164: error #20: identifier "uint32_t" is undefined
"D:/Program Files/Tiva/driverlib/gpio.h", line 164: error #20: identifier "uint8_t" is undefined
"D:/Program Files/Tiva/driverlib/gpio.h", line 165: error #20: identifier "uint32_t" is undefined
"D:/Program Files/Tiva/driverlib/gpio.h", line 165: error #20: identifier "uint8_t" is undefined
"D:/Program Files/Tiva/driverlib/gpio.h", line 166: error #20: identifier "uint32_t" is undefined
"D:/Program Files/Tiva/driverlib/gpio.h", line 166: error #20: identifier "uint8_t" is undefined
"D:/Program Files/Tiva/driverlib/gpio.h", line 167: error #20: identifier "uint32_t" is undefined
"D:/Program Files/Tiva/driverlib/gpio.h", line 167: error #20: identifier "uint8_t" is undefined
"D:/Program Files/Tiva/driverlib/gpio.h", line 168: error #20: identifier "uint32_t" is undefined
"D:/Program Files/Tiva/driverlib/gpio.h", line 168: error #20: identifier "uint8_t" is undefined
"D:/Program Files/Tiva/driverlib/gpio.h", line 169: error #20: identifier "uint32_t" is undefined
"D:/Program Files/Tiva/driverlib/gpio.h", line 169: error #20: identifier "uint8_t" is undefined
"D:/Program Files/Tiva/driverlib/gpio.h", line 170: error #20: identifier "uint32_t" is undefined
"D:/Program Files/Tiva/driverlib/gpio.h", line 170: error #20: identifier "uint8_t" is undefined
"D:/Program Files/Tiva/driverlib/gpio.h", line 171: error #20: identifier "uint32_t" is undefined
"D:/Program Files/Tiva/driverlib/gpio.h", line 171: error #20: identifier "uint8_t" is undefined
"D:/Program Files/Tiva/driverlib/gpio.h", line 172: error #20: identifier "uint32_t" is undefined
"D:/Program Files/Tiva/driverlib/gpio.h", line 172: error #20: identifier "uint8_t" is undefined
"D:/Program Files/Tiva/driverlib/gpio.h", line 173: error #20: identifier "uint32_t" is undefined
"D:/Program Files/Tiva/driverlib/gpio.h", line 173: error #20: identifier "uint8_t" is undefined
"D:/Program Files/Tiva/driverlib/gpio.h", line 174: error #20: identifier "uint32_t" is undefined
"D:/Program Files/Tiva/driverlib/gpio.h", line 174: error #20: identifier "uint8_t" is undefined
"D:/Program Files/Tiva/driverlib/gpio.h", line 175: error #20: identifier "uint32_t" is undefined
"D:/Program Files/Tiva/driverlib/gpio.h", line 175: error #20: identifier "uint8_t" is undefined
"D:/Program Files/Tiva/driverlib/gpio.h", line 176: error #20: identifier "uint32_t" is undefined
"D:/Program Files/Tiva/driverlib/gpio.h", line 176: error #20: identifier "uint8_t" is undefined
"D:/Program Files/Tiva/driverlib/gpio.h", line 177: error #20: identifier "uint32_t" is undefined
"D:/Program Files/Tiva/driverlib/gpio.h", line 177: error #20: identifier "uint8_t" is undefined
"D:/Program Files/Tiva/driverlib/gpio.h", line 178: error #20: identifier "uint32_t" is undefined
"D:/Program Files/Tiva/driverlib/gpio.h", line 178: error #20: identifier "uint8_t" is undefined
"D:/Program Files/Tiva/driverlib/gpio.h", line 179: error #20: identifier "uint32_t" is undefined
"D:/Program Files/Tiva/driverlib/gpio.h", line 179: error #20: identifier "uint8_t" is undefined
"D:/Program Files/Tiva/driverlib/gpio.h", line 180: error #20: identifier "uint32_t" is undefined
"D:/Program Files/Tiva/driverlib/gpio.h", line 180: error #20: identifier "uint8_t" is undefined
"D:/Program Files/Tiva/driverlib/gpio.h", line 181: error #20: identifier "uint32_t" is undefined
"D:/Program Files/Tiva/driverlib/gpio.h", line 181: error #20: identifier "uint8_t" is undefined
"D:/Program Files/Tiva/driverlib/gpio.h", line 182: error #20: identifier "uint32_t" is undefined
"D:/Program Files/Tiva/driverlib/gpio.h", line 182: error #20: identifier "uint8_t" is undefined
"D:/Program Files/Tiva/driverlib/gpio.h", line 183: error #20: identifier "uint32_t" is undefined
"D:/Program Files/Tiva/driverlib/gpio.h", line 183: error #20: identifier "uint8_t" is undefined
"D:/Program Files/Tiva/driverlib/gpio.h", line 184: error #20: identifier "uint32_t" is undefined
"D:/Program Files/Tiva/driverlib/gpio.h", line 184: error #20: identifier "uint8_t" is undefined
"D:/Program Files/Tiva/driverlib/gpio.h", line 185: error #20: identifier "uint32_t" is undefined
"D:/Program Files/Tiva/driverlib/gpio.h", line 185: error #20: identifier "uint8_t" is undefined
"D:/Program Files/Tiva/driverlib/gpio.h", line 186: error #20: identifier "uint32_t" is undefined
"D:/Program Files/Tiva/driverlib/gpio.h", line 186: error #20: identifier "uint8_t" is undefined
"D:/Program Files/Tiva/driverlib/gpio.h", line 187: error #20: identifier "uint32_t" is undefined
"D:/Program Files/Tiva/driverlib/gpio.h", line 187: error #20: identifier "uint8_t" is undefined
"D:/Program Files/Tiva/driverlib/gpio.h", line 188: error #20: identifier "uint32_t" is undefined
"D:/Program Files/Tiva/driverlib/gpio.h", line 188: error #20: identifier "uint8_t" is undefined
"D:/Program Files/Tiva/driverlib/gpio.h", line 189: error #20: identifier "uint32_t" is undefined
"D:/Program Files/Tiva/driverlib/gpio.h", line 189: error #20: identifier "uint32_t" is undefined
"D:/Program Files/Tiva/driverlib/gpio.h", line 190: error #20: identifier "uint32_t" is undefined
"D:/Program Files/Tiva/driverlib/gpio.h", line 190: error #20: identifier "uint8_t" is undefined
"D:/Program Files/Tiva/driverlib/gpio.h", line 191: error #20: identifier "uint32_t" is undefined
"D:/Program Files/Tiva/driverlib/gpio.h", line 191: error #20: identifier "uint8_t" is undefined
Error limit reached.
100 errors detected in the compilation of "../src/main.c".
Compilation terminated.
gmake: *** [src/main.obj] Error 1
Building file: "../tm4c1231c3pm_startup_ccs.c"
Invoking: ARM Compiler
"D:/Program Files/ti/ccsv8/tools/compiler/ti-cgt-arm_18.1.2.LTS/bin/armcl" -mv7M4 --code_state=16 --float_support=FPv4SPD16 -me --include_path="D:/repos/TI/HEllo_World_GPIOLed" --include_path="D:/Program Files/Tiva" --include_path="D:/Program Files/ti/ccsv8/tools/compiler/ti-cgt-arm_18.1.2.LTS/include" --define=ccs="ccs" --define=PART_TM4C1231C3PM -g --gcc --diag_warning=225 --diag_wrap=off --display_error_number --abi=eabi --preproc_with_compile --preproc_dependency="tm4c1231c3pm_startup_ccs.d_raw"  "../tm4c1231c3pm_startup_ccs.c"
Finished building: "../tm4c1231c3pm_startup_ccs.c"
 
gmake: Target 'all' not remade because of errors.

**** Build Finished ****

**** Build of configuration Debug for project HEllo_World_GPIOLed ****

"D:\\Program Files\\ti\\ccsv8\\utils\\bin\\gmake" -k -j 8 all -O 
 
Building file: "../src/main.c"
Invoking: ARM Compiler
"D:/Program Files/ti/ccsv8/tools/compiler/ti-cgt-arm_18.1.2.LTS/bin/armcl" -mv7M4 --code_state=16 --float_support=FPv4SPD16 -me --include_path="D:/repos/TI/HEllo_World_GPIOLed" --include_path="D:/Program Files/Tiva" --include_path="D:/Program Files/ti/ccsv8/tools/compiler/ti-cgt-arm_18.1.2.LTS/include" --define=ccs="ccs" --define=PART_TM4C1231C3PM -g --gcc --diag_warning=225 --diag_wrap=off --display_error_number --abi=eabi --preproc_with_compile --preproc_dependency="src/main.d_raw" --obj_directory="src"  "../src/main.c"
Finished building: "../src/main.c"
 
Building target: "HEllo_World_GPIOLed.out"
Invoking: ARM Linker
"D:/Program Files/ti/ccsv8/tools/compiler/ti-cgt-arm_18.1.2.LTS/bin/armcl" -mv7M4 --code_state=16 --float_support=FPv4SPD16 -me --define=ccs="ccs" --define=PART_TM4C1231C3PM -g --gcc --diag_warning=225 --diag_wrap=off --display_error_number --abi=eabi -z -m"HEllo_World_GPIOLed.map" --heap_size=0 --stack_size=512 -i"D:/Program Files/ti/ccsv8/tools/compiler/ti-cgt-arm_18.1.2.LTS/lib" -i"D:/Program Files/ti/ccsv8/tools/compiler/ti-cgt-arm_18.1.2.LTS/include" --reread_libs --diag_wrap=off --display_error_number --warn_sections --xml_link_info="HEllo_World_GPIOLed_linkInfo.xml" --rom_model -o "HEllo_World_GPIOLed.out" "./tm4c1231c3pm_startup_ccs.obj" "./src/main.obj" "../tm4c1231c3pm.cmd"  -llibc.a -l"D:/Program Files/Tiva/driverlib/ccs/Debug/driverlib.lib" 
<Linking>
Finished building target: "HEllo_World_GPIOLed.out"
 

**** Build Finished ****

**** Build of configuration Debug for project HEllo_World_GPIOLed ****

"D:\\Program Files\\ti\\ccsv8\\utils\\bin\\gmake" -k -j 8 all -O 
 
Building file: "../src/main.c"
Invoking: ARM Compiler
"D:/Program Files/ti/ccsv8/tools/compiler/ti-cgt-arm_18.1.2.LTS/bin/armcl" -mv7M4 --code_state=16 --float_support=FPv4SPD16 -me --include_path="D:/repos/TI/HEllo_World_GPIOLed" --include_path="D:/Program Files/Tiva" --include_path="D:/Program Files/ti/ccsv8/tools/compiler/ti-cgt-arm_18.1.2.LTS/include" --define=ccs="ccs" --define=PART_TM4C1231C3PM -g --gcc --diag_warning=225 --diag_wrap=off --display_error_number --abi=eabi --preproc_with_compile --preproc_dependency="src/main.d_raw" --obj_directory="src"  "../src/main.c"
 
>> Compilation failure
src/subdir_rules.mk:9: recipe for target 'src/main.obj' failed
"../src/main.c", line 10: error #20: identifier "uint32Counter" is undefined
1 error detected in the compilation of "../src/main.c".
gmake: *** [src/main.obj] Error 1
gmake: Target 'all' not remade because of errors.

**** Build Finished ****

**** Build of configuration Debug for project HEllo_World_GPIOLed ****

"D:\\Program Files\\ti\\ccsv8\\utils\\bin\\gmake" -k -j 8 all -O 
 
Building file: "../src/main.c"
Invoking: ARM Compiler
"D:/Program Files/ti/ccsv8/tools/compiler/ti-cgt-arm_18.1.2.LTS/bin/armcl" -mv7M4 --code_state=16 --float_support=FPv4SPD16 -me --include_path="D:/repos/TI/HEllo_World_GPIOLed" --include_path="D:/Program Files/Tiva" --include_path="D:/Program Files/ti/ccsv8/tools/compiler/ti-cgt-arm_18.1.2.LTS/include" --define=ccs="ccs" --define=PART_TM4C1231C3PM -g --gcc --diag_warning=225 --diag_wrap=off --display_error_number --abi=eabi --preproc_with_compile --preproc_dependency="src/main.d_raw" --obj_directory="src"  "../src/main.c"
 
>> Compilation failure
src/subdir_rules.mk:9: recipe for target 'src/main.obj' failed
"../src/main.c", line 10: error #256: type name is not allowed
"../src/main.c", line 10: error #66: expected a ";"
"../src/main.c", line 10: error #20: identifier "uint32Counter" is undefined
3 errors detected in the compilation of "../src/main.c".
gmake: *** [src/main.obj] Error 1
gmake: Target 'all' not remade because of errors.

**** Build Finished ****

**** Build of configuration Debug for project HEllo_World_GPIOLed ****

"D:\\Program Files\\ti\\ccsv8\\utils\\bin\\gmake" -k -j 8 all -O 
 
Building file: "../src/main.c"
Invoking: ARM Compiler
"D:/Program Files/ti/ccsv8/tools/compiler/ti-cgt-arm_18.1.2.LTS/bin/armcl" -mv7M4 --code_state=16 --float_support=FPv4SPD16 -me --include_path="D:/repos/TI/HEllo_World_GPIOLed" --include_path="D:/Program Files/Tiva" --include_path="D:/Program Files/ti/ccsv8/tools/compiler/ti-cgt-arm_18.1.2.LTS/include" --define=ccs="ccs" --define=PART_TM4C1231C3PM -g --gcc --diag_warning=225 --diag_wrap=off --display_error_number --abi=eabi --preproc_with_compile --preproc_dependency="src/main.d_raw" --obj_directory="src"  "../src/main.c"
 
>> Compilation failure
src/subdir_rules.mk:9: recipe for target 'src/main.obj' failed
"../src/main.c", line 10: error #256: type name is not allowed
"../src/main.c", line 10: error #66: expected a ";"
"../src/main.c", line 10: error #20: identifier "uint32Counter" is undefined
3 errors detected in the compilation of "../src/main.c".
gmake: *** [src/main.obj] Error 1
gmake: Target 'all' not remade because of errors.

**** Build Finished ****

**** Build of configuration Debug for project HEllo_World_GPIOLed ****

"D:\\Program Files\\ti\\ccsv8\\utils\\bin\\gmake" -k -j 8 all -O 
 
Building file: "../src/main.c"
Invoking: ARM Compiler
"D:/Program Files/ti/ccsv8/tools/compiler/ti-cgt-arm_18.1.2.LTS/bin/armcl" -mv7M4 --code_state=16 --float_support=FPv4SPD16 -me --include_path="D:/repos/TI/HEllo_World_GPIOLed" --include_path="D:/Program Files/Tiva" --include_path="D:/Program Files/ti/ccsv8/tools/compiler/ti-cgt-arm_18.1.2.LTS/include" --define=ccs="ccs" --define=PART_TM4C1231C3PM -g --gcc --diag_warning=225 --diag_wrap=off --display_error_number --abi=eabi --preproc_with_compile --preproc_dependency="src/main.d_raw" --obj_directory="src"  "../src/main.c"
Finished building: "../src/main.c"
 
Building target: "HEllo_World_GPIOLed.out"
Invoking: ARM Linker
"D:/Program Files/ti/ccsv8/tools/compiler/ti-cgt-arm_18.1.2.LTS/bin/armcl" -mv7M4 --code_state=16 --float_support=FPv4SPD16 -me --define=ccs="ccs" --define=PART_TM4C1231C3PM -g --gcc --diag_warning=225 --diag_wrap=off --display_error_number --abi=eabi -z -m"HEllo_World_GPIOLed.map" --heap_size=0 --stack_size=512 -i"D:/Program Files/ti/ccsv8/tools/compiler/ti-cgt-arm_18.1.2.LTS/lib" -i"D:/Program Files/ti/ccsv8/tools/compiler/ti-cgt-arm_18.1.2.LTS/include" --reread_libs --diag_wrap=off --display_error_number --warn_sections --xml_link_info="HEllo_World_GPIOLed_linkInfo.xml" --rom_model -o "HEllo_World_GPIOLed.out" "./tm4c1231c3pm_startup_ccs.obj" "./src/main.obj" "../tm4c1231c3pm.cmd"  -llibc.a -l"D:/Program Files/Tiva/driverlib/ccs/Debug/driverlib.lib" 
<Linking>
Finished building target: "HEllo_World_GPIOLed.out"
 

**** Build Finished ****

**** Build of configuration Debug for project HEllo_World_GPIOLed ****

"D:\\Program Files\\ti\\ccsv8\\utils\\bin\\gmake" -k -j 8 all -O 
 
Building file: "../src/main.c"
Invoking: ARM Compiler
"D:/Program Files/ti/ccsv8/tools/compiler/ti-cgt-arm_18.1.2.LTS/bin/armcl" -mv7M4 --code_state=16 --float_support=FPv4SPD16 -me --include_path="D:/repos/TI/HEllo_World_GPIOLed" --include_path="D:/Program Files/Tiva" --include_path="D:/Program Files/ti/ccsv8/tools/compiler/ti-cgt-arm_18.1.2.LTS/include" --define=ccs="ccs" --define=PART_TM4C1231C3PM -g --gcc --diag_warning=225 --diag_wrap=off --display_error_number --abi=eabi --preproc_with_compile --preproc_dependency="src/main.d_raw" --obj_directory="src"  "../src/main.c"
Finished building: "../src/main.c"
 
Building target: "HEllo_World_GPIOLed.out"
Invoking: ARM Linker
"D:/Program Files/ti/ccsv8/tools/compiler/ti-cgt-arm_18.1.2.LTS/bin/armcl" -mv7M4 --code_state=16 --float_support=FPv4SPD16 -me --define=ccs="ccs" --define=PART_TM4C1231C3PM -g --gcc --diag_warning=225 --diag_wrap=off --display_error_number --abi=eabi -z -m"HEllo_World_GPIOLed.map" --heap_size=0 --stack_size=512 -i"D:/Program Files/ti/ccsv8/tools/compiler/ti-cgt-arm_18.1.2.LTS/lib" -i"D:/Program Files/ti/ccsv8/tools/compiler/ti-cgt-arm_18.1.2.LTS/include" --reread_libs --diag_wrap=off --display_error_number --warn_sections --xml_link_info="HEllo_World_GPIOLed_linkInfo.xml" --rom_model -o "HEllo_World_GPIOLed.out" "./tm4c1231c3pm_startup_ccs.obj" "./src/main.obj" "../tm4c1231c3pm.cmd"  -llibc.a -l"D:/Program Files/Tiva/driverlib/ccs/Debug/driverlib.lib" 
<Linking>
Finished building target: "HEllo_World_GPIOLed.out"
 

**** Build Finished ****

**** Build of configuration Debug for project HEllo_World_GPIOLed ****

"D:\\Program Files\\ti\\ccsv8\\utils\\bin\\gmake" -k -j 8 all -O 
 
Building file: "../src/main.c"
Invoking: ARM Compiler
"D:/Program Files/ti/ccsv8/tools/compiler/ti-cgt-arm_18.1.2.LTS/bin/armcl" -mv7M4 --code_state=16 --float_support=FPv4SPD16 -me --include_path="D:/repos/TI/HEllo_World_GPIOLed" --include_path="D:/Program Files/Tiva" --include_path="D:/Program Files/ti/ccsv8/tools/compiler/ti-cgt-arm_18.1.2.LTS/include" --define=ccs="ccs" --define=PART_TM4C1231C3PM -g --gcc --diag_warning=225 --diag_wrap=off --display_error_number --abi=eabi --preproc_with_compile --preproc_dependency="src/main.d_raw" --obj_directory="src"  "../src/main.c"
Finished building: "../src/main.c"
 
Building target: "HEllo_World_GPIOLed.out"
Invoking: ARM Linker
"D:/Program Files/ti/ccsv8/tools/compiler/ti-cgt-arm_18.1.2.LTS/bin/armcl" -mv7M4 --code_state=16 --float_support=FPv4SPD16 -me --define=ccs="ccs" --define=PART_TM4C1231C3PM -g --gcc --diag_warning=225 --diag_wrap=off --display_error_number --abi=eabi -z -m"HEllo_World_GPIOLed.map" --heap_size=0 --stack_size=512 -i"D:/Program Files/ti/ccsv8/tools/compiler/ti-cgt-arm_18.1.2.LTS/lib" -i"D:/Program Files/ti/ccsv8/tools/compiler/ti-cgt-arm_18.1.2.LTS/include" --reread_libs --diag_wrap=off --display_error_number --warn_sections --xml_link_info="HEllo_World_GPIOLed_linkInfo.xml" --rom_model -o "HEllo_World_GPIOLed.out" "./tm4c1231c3pm_startup_ccs.obj" "./src/main.obj" "../tm4c1231c3pm.cmd"  -llibc.a -l"D:/Program Files/Tiva/driverlib/ccs/Debug/driverlib.lib" 
<Linking>
Finished building target: "HEllo_World_GPIOLed.out"
 

**** Build Finished ****

**** Build of configuration Debug for project Work_Button ****

"D:\\Program Files\\ti\\ccsv8\\utils\\bin\\gmake" -k -j 8 all -O 
 
Building file: "../tm4c1231c3pm_startup_ccs.c"
Invoking: ARM Compiler
"D:/Program Files/ti/ccsv8/tools/compiler/ti-cgt-arm_18.1.2.LTS/bin/armcl" -mv7M4 --code_state=16 --float_support=FPv4SPD16 -me --include_path="D:/repos/TI/Work_Button" --include_path="D:/ti/TivaWare_C_Series-2.1.4.178" --include_path="D:/Program Files/ti/ccsv8/tools/compiler/ti-cgt-arm_18.1.2.LTS/include" --define=ccs="ccs" --define=PART_TM4C1231C3PM -g --gcc --diag_warning=225 --diag_wrap=off --display_error_number --abi=eabi --preproc_with_compile --preproc_dependency="tm4c1231c3pm_startup_ccs.d_raw"  "../tm4c1231c3pm_startup_ccs.c"
Finished building: "../tm4c1231c3pm_startup_ccs.c"
 
Building file: "../src/main.c"
Invoking: ARM Compiler
"D:/Program Files/ti/ccsv8/tools/compiler/ti-cgt-arm_18.1.2.LTS/bin/armcl" -mv7M4 --code_state=16 --float_support=FPv4SPD16 -me --include_path="D:/repos/TI/Work_Button" --include_path="D:/ti/TivaWare_C_Series-2.1.4.178" --include_path="D:/Program Files/ti/ccsv8/tools/compiler/ti-cgt-arm_18.1.2.LTS/include" --define=ccs="ccs" --define=PART_TM4C1231C3PM -g --gcc --diag_warning=225 --diag_wrap=off --display_error_number --abi=eabi --preproc_with_compile --preproc_dependency="src/main.d_raw" --obj_directory="src"  "../src/main.c"
Finished building: "../src/main.c"
 
Building target: "Work_Button.out"
Invoking: ARM Linker
"D:/Program Files/ti/ccsv8/tools/compiler/ti-cgt-arm_18.1.2.LTS/bin/armcl" -mv7M4 --code_state=16 --float_support=FPv4SPD16 -me --define=ccs="ccs" --define=PART_TM4C1231C3PM -g --gcc --diag_warning=225 --diag_wrap=off --display_error_number --abi=eabi -z -m"Work_Button.map" --heap_size=0 --stack_size=512 -i"D:/Program Files/ti/ccsv8/tools/compiler/ti-cgt-arm_18.1.2.LTS/lib" -i"D:/Program Files/ti/ccsv8/tools/compiler/ti-cgt-arm_18.1.2.LTS/include" --reread_libs --diag_wrap=off --display_error_number --warn_sections --xml_link_info="Work_Button_linkInfo.xml" --rom_model -o "Work_Button.out" "./tm4c1231c3pm_startup_ccs.obj" "./src/main.obj" "../tm4c1231c3pm.cmd"  -llibc.a -l"D:/Program Files/Tiva/driverlib/ccs/Debug/driverlib.lib" 
<Linking>
Finished building target: "Work_Button.out"
 

**** Build Finished ****

**** Build of configuration Debug for project Work_Button ****

"D:\\Program Files\\ti\\ccsv8\\utils\\bin\\gmake" -k -j 8 all -O 
 
Building file: "../src/main.c"
Invoking: ARM Compiler
"D:/Program Files/ti/ccsv8/tools/compiler/ti-cgt-arm_18.1.2.LTS/bin/armcl" -mv7M4 --code_state=16 --float_support=FPv4SPD16 -me --include_path="D:/repos/TI/Work_Button" --include_path="D:/ti/TivaWare_C_Series-2.1.4.178" --include_path="D:/Program Files/ti/ccsv8/tools/compiler/ti-cgt-arm_18.1.2.LTS/include" --define=ccs="ccs" --define=PART_TM4C1231C3PM -g --gcc --diag_warning=225 --diag_wrap=off --display_error_number --abi=eabi --preproc_with_compile --preproc_dependency="src/main.d_raw" --obj_directory="src"  "../src/main.c"
"../src/main.c", line 26: warning #70-D: integer conversion resulted in truncation
Finished building: "../src/main.c"
 
Building target: "Work_Button.out"
Invoking: ARM Linker
"D:/Program Files/ti/ccsv8/tools/compiler/ti-cgt-arm_18.1.2.LTS/bin/armcl" -mv7M4 --code_state=16 --float_support=FPv4SPD16 -me --define=ccs="ccs" --define=PART_TM4C1231C3PM -g --gcc --diag_warning=225 --diag_wrap=off --display_error_number --abi=eabi -z -m"Work_Button.map" --heap_size=0 --stack_size=512 -i"D:/Program Files/ti/ccsv8/tools/compiler/ti-cgt-arm_18.1.2.LTS/lib" -i"D:/Program Files/ti/ccsv8/tools/compiler/ti-cgt-arm_18.1.2.LTS/include" --reread_libs --diag_wrap=off --display_error_number --warn_sections --xml_link_info="Work_Button_linkInfo.xml" --rom_model -o "Work_Button.out" "./tm4c1231c3pm_startup_ccs.obj" "./src/main.obj" "../tm4c1231c3pm.cmd"  -llibc.a -l"D:/Program Files/Tiva/driverlib/ccs/Debug/driverlib.lib" 
<Linking>
Finished building target: "Work_Button.out"
 

**** Build Finished ****

**** Build of configuration Debug for project Work_Button ****

"D:\\Program Files\\ti\\ccsv8\\utils\\bin\\gmake" -k -j 8 all -O 
 
Building file: "../src/main.c"
Invoking: ARM Compiler
"D:/Program Files/ti/ccsv8/tools/compiler/ti-cgt-arm_18.1.2.LTS/bin/armcl" -mv7M4 --code_state=16 --float_support=FPv4SPD16 -me --include_path="D:/repos/TI/Work_Button" --include_path="D:/ti/TivaWare_C_Series-2.1.4.178" --include_path="D:/Program Files/ti/ccsv8/tools/compiler/ti-cgt-arm_18.1.2.LTS/include" --define=ccs="ccs" --define=PART_TM4C1231C3PM -g --gcc --diag_warning=225 --diag_wrap=off --display_error_number --abi=eabi --preproc_with_compile --preproc_dependency="src/main.d_raw" --obj_directory="src"  "../src/main.c"
Finished building: "../src/main.c"
 
Building target: "Work_Button.out"
Invoking: ARM Linker
"D:/Program Files/ti/ccsv8/tools/compiler/ti-cgt-arm_18.1.2.LTS/bin/armcl" -mv7M4 --code_state=16 --float_support=FPv4SPD16 -me --define=ccs="ccs" --define=PART_TM4C1231C3PM -g --gcc --diag_warning=225 --diag_wrap=off --display_error_number --abi=eabi -z -m"Work_Button.map" --heap_size=0 --stack_size=512 -i"D:/Program Files/ti/ccsv8/tools/compiler/ti-cgt-arm_18.1.2.LTS/lib" -i"D:/Program Files/ti/ccsv8/tools/compiler/ti-cgt-arm_18.1.2.LTS/include" --reread_libs --diag_wrap=off --display_error_number --warn_sections --xml_link_info="Work_Button_linkInfo.xml" --rom_model -o "Work_Button.out" "./tm4c1231c3pm_startup_ccs.obj" "./src/main.obj" "../tm4c1231c3pm.cmd"  -llibc.a -l"D:/Program Files/Tiva/driverlib/ccs/Debug/driverlib.lib" 
<Linking>
Finished building target: "Work_Button.out"
 

**** Build Finished ****
